[2025-06-06 22:01:02] local.ERROR: Please provide a valid cache path. {"exception":"[object] (InvalidArgumentException(code: 0): Please provide a valid cache path. at C:\\Users\\rafae\\Documents\\entreGO-dev\\vendor\\laravel\\framework\\src\\Illuminate\\View\\Compilers\\Compiler.php:75)
[stacktrace]
#0 C:\\Users\\rafae\\Documents\\entreGO-dev\\vendor\\laravel\\framework\\src\\Illuminate\\View\\ViewServiceProvider.php(97): Illuminate\\View\\Compilers\\Compiler->__construct(Object(Illuminate\\Filesystem\\Filesystem), false, '', true, 'php', true)
#1 C:\\Users\\rafae\\Documents\\entreGO-dev\\vendor\\laravel\\framework\\src\\Illuminate\\Container\\Container.php(1010): Illuminate\\View\\ViewServiceProvider->{closure:Illuminate\\View\\ViewServiceProvider::registerBladeCompiler():96}(Object(Illuminate\\Foundation\\Application), Array)
#2 C:\\Users\\rafae\\Documents\\entreGO-dev\\vendor\\laravel\\framework\\src\\Illuminate\\Container\\Container.php(890): Illuminate\\Container\\Container->build(Object(Closure))
#3 C:\\Users\\rafae\\Documents\\entreGO-dev\\vendor\\laravel\\framework\\src\\Illuminate\\Foundation\\Application.php(1077): Illuminate\\Container\\Container->resolve('blade.compiler', Array, true)
#4 C:\\Users\\rafae\\Documents\\entreGO-dev\\vendor\\laravel\\framework\\src\\Illuminate\\Container\\Container.php(821): Illuminate\\Foundation\\Application->resolve('blade.compiler', Array)
#5 C:\\Users\\rafae\\Documents\\entreGO-dev\\vendor\\laravel\\framework\\src\\Illuminate\\Foundation\\Application.php(1057): Illuminate\\Container\\Container->make('blade.compiler', Array)
#6 C:\\Users\\rafae\\Documents\\entreGO-dev\\vendor\\laravel\\framework\\src\\Illuminate\\Container\\Container.php(1653): Illuminate\\Foundation\\Application->make('blade.compiler')
#7 C:\\Users\\rafae\\Documents\\entreGO-dev\\vendor\\laravel\\framework\\src\\Illuminate\\Support\\Facades\\Facade.php(239): Illuminate\\Container\\Container->offsetGet('blade.compiler')
#8 C:\\Users\\rafae\\Documents\\entreGO-dev\\vendor\\laravel\\framework\\src\\Illuminate\\Support\\Facades\\Facade.php(210): Illuminate\\Support\\Facades\\Facade::resolveFacadeInstance('blade.compiler')
#9 C:\\Users\\rafae\\Documents\\entreGO-dev\\vendor\\laravel\\framework\\src\\Illuminate\\Support\\Facades\\Facade.php(355): Illuminate\\Support\\Facades\\Facade::getFacadeRoot()
#10 C:\\Users\\rafae\\Documents\\entreGO-dev\\vendor\\livewire\\flux\\src\\FluxServiceProvider.php(40): Illuminate\\Support\\Facades\\Facade::__callStatic('anonymousCompon...', Array)
#11 C:\\Users\\rafae\\Documents\\entreGO-dev\\vendor\\livewire\\flux\\src\\FluxServiceProvider.php(24): Flux\\FluxServiceProvider->bootComponentPath()
#12 C:\\Users\\rafae\\Documents\\entreGO-dev\\vendor\\laravel\\framework\\src\\Illuminate\\Container\\BoundMethod.php(36): Flux\\FluxServiceProvider->boot()
#13 C:\\Users\\rafae\\Documents\\entreGO-dev\\vendor\\laravel\\framework\\src\\Illuminate\\Container\\Util.php(43): Illuminate\\Container\\BoundMethod::{closure:Illuminate\\Container\\BoundMethod::call():35}()
#14 C:\\Users\\rafae\\Documents\\entreGO-dev\\vendor\\laravel\\framework\\src\\Illuminate\\Container\\BoundMethod.php(96): Illuminate\\Container\\Util::unwrapIfClosure(Object(Closure))
#15 C:\\Users\\rafae\\Documents\\entreGO-dev\\vendor\\laravel\\framework\\src\\Illuminate\\Container\\BoundMethod.php(35): Illuminate\\Container\\BoundMethod::callBoundMethod(Object(Illuminate\\Foundation\\Application), Array, Object(Closure))
#16 C:\\Users\\rafae\\Documents\\entreGO-dev\\vendor\\laravel\\framework\\src\\Illuminate\\Container\\Container.php(754): Illuminate\\Container\\BoundMethod::call(Object(Illuminate\\Foundation\\Application), Array, Array, NULL)
#17 C:\\Users\\rafae\\Documents\\entreGO-dev\\vendor\\laravel\\framework\\src\\Illuminate\\Foundation\\Application.php(1150): Illuminate\\Container\\Container->call(Array)
#18 C:\\Users\\rafae\\Documents\\entreGO-dev\\vendor\\laravel\\framework\\src\\Illuminate\\Foundation\\Application.php(1131): Illuminate\\Foundation\\Application->bootProvider(Object(Flux\\FluxServiceProvider))
#19 [internal function]: Illuminate\\Foundation\\Application->{closure:Illuminate\\Foundation\\Application::boot():1130}(Object(Flux\\FluxServiceProvider), 'Flux\\\\FluxServic...')
#20 C:\\Users\\rafae\\Documents\\entreGO-dev\\vendor\\laravel\\framework\\src\\Illuminate\\Foundation\\Application.php(1130): array_walk(Array, Object(Closure))
#21 C:\\Users\\rafae\\Documents\\entreGO-dev\\vendor\\laravel\\framework\\src\\Illuminate\\Foundation\\Bootstrap\\BootProviders.php(17): Illuminate\\Foundation\\Application->boot()
#22 C:\\Users\\rafae\\Documents\\entreGO-dev\\vendor\\laravel\\framework\\src\\Illuminate\\Foundation\\Application.php(341): Illuminate\\Foundation\\Bootstrap\\BootProviders->bootstrap(Object(Illuminate\\Foundation\\Application))
#23 C:\\Users\\rafae\\Documents\\entreGO-dev\\vendor\\laravel\\framework\\src\\Illuminate\\Foundation\\Http\\Kernel.php(186): Illuminate\\Foundation\\Application->bootstrapWith(Array)
#24 C:\\Users\\rafae\\Documents\\entreGO-dev\\vendor\\laravel\\framework\\src\\Illuminate\\Foundation\\Http\\Kernel.php(170): Illuminate\\Foundation\\Http\\Kernel->bootstrap()
#25 C:\\Users\\rafae\\Documents\\entreGO-dev\\vendor\\laravel\\framework\\src\\Illuminate\\Foundation\\Http\\Kernel.php(144): Illuminate\\Foundation\\Http\\Kernel->sendRequestThroughRouter(Object(Illuminate\\Http\\Request))
#26 C:\\Users\\rafae\\Documents\\entreGO-dev\\vendor\\laravel\\framework\\src\\Illuminate\\Foundation\\Application.php(1219): Illuminate\\Foundation\\Http\\Kernel->handle(Object(Illuminate\\Http\\Request))
#27 C:\\Users\\rafae\\Documents\\entreGO-dev\\public\\index.php(20): Illuminate\\Foundation\\Application->handleRequest(Object(Illuminate\\Http\\Request))
#28 C:\\Users\\rafae\\Documents\\entreGO-dev\\vendor\\laravel\\framework\\src\\Illuminate\\Foundation\\resources\\server.php(23): require_once('C:\\\\Users\\\\rafae\\\\...')
#29 {main}
"} 
[2025-06-06 22:01:14] local.ERROR: Please provide a valid cache path. {"exception":"[object] (InvalidArgumentException(code: 0): Please provide a valid cache path. at C:\\Users\\rafae\\Documents\\entreGO-dev\\vendor\\laravel\\framework\\src\\Illuminate\\View\\Compilers\\Compiler.php:75)
[stacktrace]
#0 C:\\Users\\rafae\\Documents\\entreGO-dev\\vendor\\laravel\\framework\\src\\Illuminate\\View\\ViewServiceProvider.php(97): Illuminate\\View\\Compilers\\Compiler->__construct(Object(Illuminate\\Filesystem\\Filesystem), false, '', true, 'php', true)
#1 C:\\Users\\rafae\\Documents\\entreGO-dev\\vendor\\laravel\\framework\\src\\Illuminate\\Container\\Container.php(1010): Illuminate\\View\\ViewServiceProvider->{closure:Illuminate\\View\\ViewServiceProvider::registerBladeCompiler():96}(Object(Illuminate\\Foundation\\Application), Array)
#2 C:\\Users\\rafae\\Documents\\entreGO-dev\\vendor\\laravel\\framework\\src\\Illuminate\\Container\\Container.php(890): Illuminate\\Container\\Container->build(Object(Closure))
#3 C:\\Users\\rafae\\Documents\\entreGO-dev\\vendor\\laravel\\framework\\src\\Illuminate\\Foundation\\Application.php(1077): Illuminate\\Container\\Container->resolve('blade.compiler', Array, true)
#4 C:\\Users\\rafae\\Documents\\entreGO-dev\\vendor\\laravel\\framework\\src\\Illuminate\\Container\\Container.php(821): Illuminate\\Foundation\\Application->resolve('blade.compiler', Array)
#5 C:\\Users\\rafae\\Documents\\entreGO-dev\\vendor\\laravel\\framework\\src\\Illuminate\\Foundation\\Application.php(1057): Illuminate\\Container\\Container->make('blade.compiler', Array)
#6 C:\\Users\\rafae\\Documents\\entreGO-dev\\vendor\\laravel\\framework\\src\\Illuminate\\Container\\Container.php(1653): Illuminate\\Foundation\\Application->make('blade.compiler')
#7 C:\\Users\\rafae\\Documents\\entreGO-dev\\vendor\\laravel\\framework\\src\\Illuminate\\Support\\Facades\\Facade.php(239): Illuminate\\Container\\Container->offsetGet('blade.compiler')
#8 C:\\Users\\rafae\\Documents\\entreGO-dev\\vendor\\laravel\\framework\\src\\Illuminate\\Support\\Facades\\Facade.php(210): Illuminate\\Support\\Facades\\Facade::resolveFacadeInstance('blade.compiler')
#9 C:\\Users\\rafae\\Documents\\entreGO-dev\\vendor\\laravel\\framework\\src\\Illuminate\\Support\\Facades\\Facade.php(355): Illuminate\\Support\\Facades\\Facade::getFacadeRoot()
#10 C:\\Users\\rafae\\Documents\\entreGO-dev\\vendor\\livewire\\flux\\src\\FluxServiceProvider.php(40): Illuminate\\Support\\Facades\\Facade::__callStatic('anonymousCompon...', Array)
#11 C:\\Users\\rafae\\Documents\\entreGO-dev\\vendor\\livewire\\flux\\src\\FluxServiceProvider.php(24): Flux\\FluxServiceProvider->bootComponentPath()
#12 C:\\Users\\rafae\\Documents\\entreGO-dev\\vendor\\laravel\\framework\\src\\Illuminate\\Container\\BoundMethod.php(36): Flux\\FluxServiceProvider->boot()
#13 C:\\Users\\rafae\\Documents\\entreGO-dev\\vendor\\laravel\\framework\\src\\Illuminate\\Container\\Util.php(43): Illuminate\\Container\\BoundMethod::{closure:Illuminate\\Container\\BoundMethod::call():35}()
#14 C:\\Users\\rafae\\Documents\\entreGO-dev\\vendor\\laravel\\framework\\src\\Illuminate\\Container\\BoundMethod.php(96): Illuminate\\Container\\Util::unwrapIfClosure(Object(Closure))
#15 C:\\Users\\rafae\\Documents\\entreGO-dev\\vendor\\laravel\\framework\\src\\Illuminate\\Container\\BoundMethod.php(35): Illuminate\\Container\\BoundMethod::callBoundMethod(Object(Illuminate\\Foundation\\Application), Array, Object(Closure))
#16 C:\\Users\\rafae\\Documents\\entreGO-dev\\vendor\\laravel\\framework\\src\\Illuminate\\Container\\Container.php(754): Illuminate\\Container\\BoundMethod::call(Object(Illuminate\\Foundation\\Application), Array, Array, NULL)
#17 C:\\Users\\rafae\\Documents\\entreGO-dev\\vendor\\laravel\\framework\\src\\Illuminate\\Foundation\\Application.php(1150): Illuminate\\Container\\Container->call(Array)
#18 C:\\Users\\rafae\\Documents\\entreGO-dev\\vendor\\laravel\\framework\\src\\Illuminate\\Foundation\\Application.php(1131): Illuminate\\Foundation\\Application->bootProvider(Object(Flux\\FluxServiceProvider))
#19 [internal function]: Illuminate\\Foundation\\Application->{closure:Illuminate\\Foundation\\Application::boot():1130}(Object(Flux\\FluxServiceProvider), 'Flux\\\\FluxServic...')
#20 C:\\Users\\rafae\\Documents\\entreGO-dev\\vendor\\laravel\\framework\\src\\Illuminate\\Foundation\\Application.php(1130): array_walk(Array, Object(Closure))
#21 C:\\Users\\rafae\\Documents\\entreGO-dev\\vendor\\laravel\\framework\\src\\Illuminate\\Foundation\\Bootstrap\\BootProviders.php(17): Illuminate\\Foundation\\Application->boot()
#22 C:\\Users\\rafae\\Documents\\entreGO-dev\\vendor\\laravel\\framework\\src\\Illuminate\\Foundation\\Application.php(341): Illuminate\\Foundation\\Bootstrap\\BootProviders->bootstrap(Object(Illuminate\\Foundation\\Application))
#23 C:\\Users\\rafae\\Documents\\entreGO-dev\\vendor\\laravel\\framework\\src\\Illuminate\\Foundation\\Http\\Kernel.php(186): Illuminate\\Foundation\\Application->bootstrapWith(Array)
#24 C:\\Users\\rafae\\Documents\\entreGO-dev\\vendor\\laravel\\framework\\src\\Illuminate\\Foundation\\Http\\Kernel.php(170): Illuminate\\Foundation\\Http\\Kernel->bootstrap()
#25 C:\\Users\\rafae\\Documents\\entreGO-dev\\vendor\\laravel\\framework\\src\\Illuminate\\Foundation\\Http\\Kernel.php(144): Illuminate\\Foundation\\Http\\Kernel->sendRequestThroughRouter(Object(Illuminate\\Http\\Request))
#26 C:\\Users\\rafae\\Documents\\entreGO-dev\\vendor\\laravel\\framework\\src\\Illuminate\\Foundation\\Application.php(1219): Illuminate\\Foundation\\Http\\Kernel->handle(Object(Illuminate\\Http\\Request))
#27 C:\\Users\\rafae\\Documents\\entreGO-dev\\public\\index.php(20): Illuminate\\Foundation\\Application->handleRequest(Object(Illuminate\\Http\\Request))
#28 C:\\Users\\rafae\\Documents\\entreGO-dev\\vendor\\laravel\\framework\\src\\Illuminate\\Foundation\\resources\\server.php(23): require_once('C:\\\\Users\\\\rafae\\\\...')
#29 {main}
"} 
[2025-06-06 22:01:37] local.ERROR: Please provide a valid cache path. {"exception":"[object] (InvalidArgumentException(code: 0): Please provide a valid cache path. at C:\\Users\\rafae\\Documents\\entreGO-dev\\vendor\\laravel\\framework\\src\\Illuminate\\View\\Compilers\\Compiler.php:75)
[stacktrace]
#0 C:\\Users\\rafae\\Documents\\entreGO-dev\\vendor\\laravel\\framework\\src\\Illuminate\\View\\ViewServiceProvider.php(97): Illuminate\\View\\Compilers\\Compiler->__construct(Object(Illuminate\\Filesystem\\Filesystem), false, '', true, 'php', true)
#1 C:\\Users\\rafae\\Documents\\entreGO-dev\\vendor\\laravel\\framework\\src\\Illuminate\\Container\\Container.php(1010): Illuminate\\View\\ViewServiceProvider->{closure:Illuminate\\View\\ViewServiceProvider::registerBladeCompiler():96}(Object(Illuminate\\Foundation\\Application), Array)
#2 C:\\Users\\rafae\\Documents\\entreGO-dev\\vendor\\laravel\\framework\\src\\Illuminate\\Container\\Container.php(890): Illuminate\\Container\\Container->build(Object(Closure))
#3 C:\\Users\\rafae\\Documents\\entreGO-dev\\vendor\\laravel\\framework\\src\\Illuminate\\Foundation\\Application.php(1077): Illuminate\\Container\\Container->resolve('blade.compiler', Array, true)
#4 C:\\Users\\rafae\\Documents\\entreGO-dev\\vendor\\laravel\\framework\\src\\Illuminate\\Container\\Container.php(821): Illuminate\\Foundation\\Application->resolve('blade.compiler', Array)
#5 C:\\Users\\rafae\\Documents\\entreGO-dev\\vendor\\laravel\\framework\\src\\Illuminate\\Foundation\\Application.php(1057): Illuminate\\Container\\Container->make('blade.compiler', Array)
#6 C:\\Users\\rafae\\Documents\\entreGO-dev\\vendor\\laravel\\framework\\src\\Illuminate\\Container\\Container.php(1653): Illuminate\\Foundation\\Application->make('blade.compiler')
#7 C:\\Users\\rafae\\Documents\\entreGO-dev\\vendor\\laravel\\framework\\src\\Illuminate\\Support\\Facades\\Facade.php(239): Illuminate\\Container\\Container->offsetGet('blade.compiler')
#8 C:\\Users\\rafae\\Documents\\entreGO-dev\\vendor\\laravel\\framework\\src\\Illuminate\\Support\\Facades\\Facade.php(210): Illuminate\\Support\\Facades\\Facade::resolveFacadeInstance('blade.compiler')
#9 C:\\Users\\rafae\\Documents\\entreGO-dev\\vendor\\laravel\\framework\\src\\Illuminate\\Support\\Facades\\Facade.php(355): Illuminate\\Support\\Facades\\Facade::getFacadeRoot()
#10 C:\\Users\\rafae\\Documents\\entreGO-dev\\vendor\\livewire\\flux\\src\\FluxServiceProvider.php(40): Illuminate\\Support\\Facades\\Facade::__callStatic('anonymousCompon...', Array)
#11 C:\\Users\\rafae\\Documents\\entreGO-dev\\vendor\\livewire\\flux\\src\\FluxServiceProvider.php(24): Flux\\FluxServiceProvider->bootComponentPath()
#12 C:\\Users\\rafae\\Documents\\entreGO-dev\\vendor\\laravel\\framework\\src\\Illuminate\\Container\\BoundMethod.php(36): Flux\\FluxServiceProvider->boot()
#13 C:\\Users\\rafae\\Documents\\entreGO-dev\\vendor\\laravel\\framework\\src\\Illuminate\\Container\\Util.php(43): Illuminate\\Container\\BoundMethod::{closure:Illuminate\\Container\\BoundMethod::call():35}()
#14 C:\\Users\\rafae\\Documents\\entreGO-dev\\vendor\\laravel\\framework\\src\\Illuminate\\Container\\BoundMethod.php(96): Illuminate\\Container\\Util::unwrapIfClosure(Object(Closure))
#15 C:\\Users\\rafae\\Documents\\entreGO-dev\\vendor\\laravel\\framework\\src\\Illuminate\\Container\\BoundMethod.php(35): Illuminate\\Container\\BoundMethod::callBoundMethod(Object(Illuminate\\Foundation\\Application), Array, Object(Closure))
#16 C:\\Users\\rafae\\Documents\\entreGO-dev\\vendor\\laravel\\framework\\src\\Illuminate\\Container\\Container.php(754): Illuminate\\Container\\BoundMethod::call(Object(Illuminate\\Foundation\\Application), Array, Array, NULL)
#17 C:\\Users\\rafae\\Documents\\entreGO-dev\\vendor\\laravel\\framework\\src\\Illuminate\\Foundation\\Application.php(1150): Illuminate\\Container\\Container->call(Array)
#18 C:\\Users\\rafae\\Documents\\entreGO-dev\\vendor\\laravel\\framework\\src\\Illuminate\\Foundation\\Application.php(1131): Illuminate\\Foundation\\Application->bootProvider(Object(Flux\\FluxServiceProvider))
#19 [internal function]: Illuminate\\Foundation\\Application->{closure:Illuminate\\Foundation\\Application::boot():1130}(Object(Flux\\FluxServiceProvider), 'Flux\\\\FluxServic...')
#20 C:\\Users\\rafae\\Documents\\entreGO-dev\\vendor\\laravel\\framework\\src\\Illuminate\\Foundation\\Application.php(1130): array_walk(Array, Object(Closure))
#21 C:\\Users\\rafae\\Documents\\entreGO-dev\\vendor\\laravel\\framework\\src\\Illuminate\\Foundation\\Bootstrap\\BootProviders.php(17): Illuminate\\Foundation\\Application->boot()
#22 C:\\Users\\rafae\\Documents\\entreGO-dev\\vendor\\laravel\\framework\\src\\Illuminate\\Foundation\\Application.php(341): Illuminate\\Foundation\\Bootstrap\\BootProviders->bootstrap(Object(Illuminate\\Foundation\\Application))
#23 C:\\Users\\rafae\\Documents\\entreGO-dev\\vendor\\laravel\\framework\\src\\Illuminate\\Foundation\\Console\\Kernel.php(473): Illuminate\\Foundation\\Application->bootstrapWith(Array)
#24 C:\\Users\\rafae\\Documents\\entreGO-dev\\vendor\\laravel\\framework\\src\\Illuminate\\Foundation\\Console\\Kernel.php(195): Illuminate\\Foundation\\Console\\Kernel->bootstrap()
#25 C:\\Users\\rafae\\Documents\\entreGO-dev\\vendor\\laravel\\framework\\src\\Illuminate\\Foundation\\Application.php(1234): Illuminate\\Foundation\\Console\\Kernel->handle(Object(Symfony\\Component\\Console\\Input\\ArgvInput), Object(Symfony\\Component\\Console\\Output\\ConsoleOutput))
#26 C:\\Users\\rafae\\Documents\\entreGO-dev\\artisan(16): Illuminate\\Foundation\\Application->handleCommand(Object(Symfony\\Component\\Console\\Input\\ArgvInput))
#27 {main}
"} 
[2025-06-06 22:02:01] local.ERROR: Please provide a valid cache path. {"exception":"[object] (InvalidArgumentException(code: 0): Please provide a valid cache path. at C:\\Users\\rafae\\Documents\\entreGO-dev\\vendor\\laravel\\framework\\src\\Illuminate\\View\\Compilers\\Compiler.php:75)
[stacktrace]
#0 C:\\Users\\rafae\\Documents\\entreGO-dev\\vendor\\laravel\\framework\\src\\Illuminate\\View\\ViewServiceProvider.php(97): Illuminate\\View\\Compilers\\Compiler->__construct(Object(Illuminate\\Filesystem\\Filesystem), false, '', true, 'php', true)
#1 C:\\Users\\rafae\\Documents\\entreGO-dev\\vendor\\laravel\\framework\\src\\Illuminate\\Container\\Container.php(1010): Illuminate\\View\\ViewServiceProvider->{closure:Illuminate\\View\\ViewServiceProvider::registerBladeCompiler():96}(Object(Illuminate\\Foundation\\Application), Array)
#2 C:\\Users\\rafae\\Documents\\entreGO-dev\\vendor\\laravel\\framework\\src\\Illuminate\\Container\\Container.php(890): Illuminate\\Container\\Container->build(Object(Closure))
#3 C:\\Users\\rafae\\Documents\\entreGO-dev\\vendor\\laravel\\framework\\src\\Illuminate\\Foundation\\Application.php(1077): Illuminate\\Container\\Container->resolve('blade.compiler', Array, true)
#4 C:\\Users\\rafae\\Documents\\entreGO-dev\\vendor\\laravel\\framework\\src\\Illuminate\\Container\\Container.php(821): Illuminate\\Foundation\\Application->resolve('blade.compiler', Array)
#5 C:\\Users\\rafae\\Documents\\entreGO-dev\\vendor\\laravel\\framework\\src\\Illuminate\\Foundation\\Application.php(1057): Illuminate\\Container\\Container->make('blade.compiler', Array)
#6 C:\\Users\\rafae\\Documents\\entreGO-dev\\vendor\\laravel\\framework\\src\\Illuminate\\Container\\Container.php(1653): Illuminate\\Foundation\\Application->make('blade.compiler')
#7 C:\\Users\\rafae\\Documents\\entreGO-dev\\vendor\\laravel\\framework\\src\\Illuminate\\Support\\Facades\\Facade.php(239): Illuminate\\Container\\Container->offsetGet('blade.compiler')
#8 C:\\Users\\rafae\\Documents\\entreGO-dev\\vendor\\laravel\\framework\\src\\Illuminate\\Support\\Facades\\Facade.php(210): Illuminate\\Support\\Facades\\Facade::resolveFacadeInstance('blade.compiler')
#9 C:\\Users\\rafae\\Documents\\entreGO-dev\\vendor\\laravel\\framework\\src\\Illuminate\\Support\\Facades\\Facade.php(355): Illuminate\\Support\\Facades\\Facade::getFacadeRoot()
#10 C:\\Users\\rafae\\Documents\\entreGO-dev\\vendor\\livewire\\flux\\src\\FluxServiceProvider.php(40): Illuminate\\Support\\Facades\\Facade::__callStatic('anonymousCompon...', Array)
#11 C:\\Users\\rafae\\Documents\\entreGO-dev\\vendor\\livewire\\flux\\src\\FluxServiceProvider.php(24): Flux\\FluxServiceProvider->bootComponentPath()
#12 C:\\Users\\rafae\\Documents\\entreGO-dev\\vendor\\laravel\\framework\\src\\Illuminate\\Container\\BoundMethod.php(36): Flux\\FluxServiceProvider->boot()
#13 C:\\Users\\rafae\\Documents\\entreGO-dev\\vendor\\laravel\\framework\\src\\Illuminate\\Container\\Util.php(43): Illuminate\\Container\\BoundMethod::{closure:Illuminate\\Container\\BoundMethod::call():35}()
#14 C:\\Users\\rafae\\Documents\\entreGO-dev\\vendor\\laravel\\framework\\src\\Illuminate\\Container\\BoundMethod.php(96): Illuminate\\Container\\Util::unwrapIfClosure(Object(Closure))
#15 C:\\Users\\rafae\\Documents\\entreGO-dev\\vendor\\laravel\\framework\\src\\Illuminate\\Container\\BoundMethod.php(35): Illuminate\\Container\\BoundMethod::callBoundMethod(Object(Illuminate\\Foundation\\Application), Array, Object(Closure))
#16 C:\\Users\\rafae\\Documents\\entreGO-dev\\vendor\\laravel\\framework\\src\\Illuminate\\Container\\Container.php(754): Illuminate\\Container\\BoundMethod::call(Object(Illuminate\\Foundation\\Application), Array, Array, NULL)
#17 C:\\Users\\rafae\\Documents\\entreGO-dev\\vendor\\laravel\\framework\\src\\Illuminate\\Foundation\\Application.php(1150): Illuminate\\Container\\Container->call(Array)
#18 C:\\Users\\rafae\\Documents\\entreGO-dev\\vendor\\laravel\\framework\\src\\Illuminate\\Foundation\\Application.php(1131): Illuminate\\Foundation\\Application->bootProvider(Object(Flux\\FluxServiceProvider))
#19 [internal function]: Illuminate\\Foundation\\Application->{closure:Illuminate\\Foundation\\Application::boot():1130}(Object(Flux\\FluxServiceProvider), 'Flux\\\\FluxServic...')
#20 C:\\Users\\rafae\\Documents\\entreGO-dev\\vendor\\laravel\\framework\\src\\Illuminate\\Foundation\\Application.php(1130): array_walk(Array, Object(Closure))
#21 C:\\Users\\rafae\\Documents\\entreGO-dev\\vendor\\laravel\\framework\\src\\Illuminate\\Foundation\\Bootstrap\\BootProviders.php(17): Illuminate\\Foundation\\Application->boot()
#22 C:\\Users\\rafae\\Documents\\entreGO-dev\\vendor\\laravel\\framework\\src\\Illuminate\\Foundation\\Application.php(341): Illuminate\\Foundation\\Bootstrap\\BootProviders->bootstrap(Object(Illuminate\\Foundation\\Application))
#23 C:\\Users\\rafae\\Documents\\entreGO-dev\\vendor\\laravel\\framework\\src\\Illuminate\\Foundation\\Console\\Kernel.php(473): Illuminate\\Foundation\\Application->bootstrapWith(Array)
#24 C:\\Users\\rafae\\Documents\\entreGO-dev\\vendor\\laravel\\framework\\src\\Illuminate\\Foundation\\Console\\Kernel.php(195): Illuminate\\Foundation\\Console\\Kernel->bootstrap()
#25 C:\\Users\\rafae\\Documents\\entreGO-dev\\vendor\\laravel\\framework\\src\\Illuminate\\Foundation\\Application.php(1234): Illuminate\\Foundation\\Console\\Kernel->handle(Object(Symfony\\Component\\Console\\Input\\ArgvInput), Object(Symfony\\Component\\Console\\Output\\ConsoleOutput))
#26 C:\\Users\\rafae\\Documents\\entreGO-dev\\artisan(16): Illuminate\\Foundation\\Application->handleCommand(Object(Symfony\\Component\\Console\\Input\\ArgvInput))
#27 {main}
"} 
[2025-06-06 22:02:39] local.ERROR: Please provide a valid cache path. {"exception":"[object] (InvalidArgumentException(code: 0): Please provide a valid cache path. at C:\\Users\\rafae\\Documents\\entreGO-dev\\vendor\\laravel\\framework\\src\\Illuminate\\View\\Compilers\\Compiler.php:75)
[stacktrace]
#0 C:\\Users\\rafae\\Documents\\entreGO-dev\\vendor\\laravel\\framework\\src\\Illuminate\\View\\ViewServiceProvider.php(97): Illuminate\\View\\Compilers\\Compiler->__construct(Object(Illuminate\\Filesystem\\Filesystem), false, '', true, 'php', true)
#1 C:\\Users\\rafae\\Documents\\entreGO-dev\\vendor\\laravel\\framework\\src\\Illuminate\\Container\\Container.php(1010): Illuminate\\View\\ViewServiceProvider->{closure:Illuminate\\View\\ViewServiceProvider::registerBladeCompiler():96}(Object(Illuminate\\Foundation\\Application), Array)
#2 C:\\Users\\rafae\\Documents\\entreGO-dev\\vendor\\laravel\\framework\\src\\Illuminate\\Container\\Container.php(890): Illuminate\\Container\\Container->build(Object(Closure))
#3 C:\\Users\\rafae\\Documents\\entreGO-dev\\vendor\\laravel\\framework\\src\\Illuminate\\Foundation\\Application.php(1077): Illuminate\\Container\\Container->resolve('blade.compiler', Array, true)
#4 C:\\Users\\rafae\\Documents\\entreGO-dev\\vendor\\laravel\\framework\\src\\Illuminate\\Container\\Container.php(821): Illuminate\\Foundation\\Application->resolve('blade.compiler', Array)
#5 C:\\Users\\rafae\\Documents\\entreGO-dev\\vendor\\laravel\\framework\\src\\Illuminate\\Foundation\\Application.php(1057): Illuminate\\Container\\Container->make('blade.compiler', Array)
#6 C:\\Users\\rafae\\Documents\\entreGO-dev\\vendor\\laravel\\framework\\src\\Illuminate\\Container\\Container.php(1653): Illuminate\\Foundation\\Application->make('blade.compiler')
#7 C:\\Users\\rafae\\Documents\\entreGO-dev\\vendor\\laravel\\framework\\src\\Illuminate\\Support\\Facades\\Facade.php(239): Illuminate\\Container\\Container->offsetGet('blade.compiler')
#8 C:\\Users\\rafae\\Documents\\entreGO-dev\\vendor\\laravel\\framework\\src\\Illuminate\\Support\\Facades\\Facade.php(210): Illuminate\\Support\\Facades\\Facade::resolveFacadeInstance('blade.compiler')
#9 C:\\Users\\rafae\\Documents\\entreGO-dev\\vendor\\laravel\\framework\\src\\Illuminate\\Support\\Facades\\Facade.php(355): Illuminate\\Support\\Facades\\Facade::getFacadeRoot()
#10 C:\\Users\\rafae\\Documents\\entreGO-dev\\vendor\\livewire\\flux\\src\\FluxServiceProvider.php(40): Illuminate\\Support\\Facades\\Facade::__callStatic('anonymousCompon...', Array)
#11 C:\\Users\\rafae\\Documents\\entreGO-dev\\vendor\\livewire\\flux\\src\\FluxServiceProvider.php(24): Flux\\FluxServiceProvider->bootComponentPath()
#12 C:\\Users\\rafae\\Documents\\entreGO-dev\\vendor\\laravel\\framework\\src\\Illuminate\\Container\\BoundMethod.php(36): Flux\\FluxServiceProvider->boot()
#13 C:\\Users\\rafae\\Documents\\entreGO-dev\\vendor\\laravel\\framework\\src\\Illuminate\\Container\\Util.php(43): Illuminate\\Container\\BoundMethod::{closure:Illuminate\\Container\\BoundMethod::call():35}()
#14 C:\\Users\\rafae\\Documents\\entreGO-dev\\vendor\\laravel\\framework\\src\\Illuminate\\Container\\BoundMethod.php(96): Illuminate\\Container\\Util::unwrapIfClosure(Object(Closure))
#15 C:\\Users\\rafae\\Documents\\entreGO-dev\\vendor\\laravel\\framework\\src\\Illuminate\\Container\\BoundMethod.php(35): Illuminate\\Container\\BoundMethod::callBoundMethod(Object(Illuminate\\Foundation\\Application), Array, Object(Closure))
#16 C:\\Users\\rafae\\Documents\\entreGO-dev\\vendor\\laravel\\framework\\src\\Illuminate\\Container\\Container.php(754): Illuminate\\Container\\BoundMethod::call(Object(Illuminate\\Foundation\\Application), Array, Array, NULL)
#17 C:\\Users\\rafae\\Documents\\entreGO-dev\\vendor\\laravel\\framework\\src\\Illuminate\\Foundation\\Application.php(1150): Illuminate\\Container\\Container->call(Array)
#18 C:\\Users\\rafae\\Documents\\entreGO-dev\\vendor\\laravel\\framework\\src\\Illuminate\\Foundation\\Application.php(1131): Illuminate\\Foundation\\Application->bootProvider(Object(Flux\\FluxServiceProvider))
#19 [internal function]: Illuminate\\Foundation\\Application->{closure:Illuminate\\Foundation\\Application::boot():1130}(Object(Flux\\FluxServiceProvider), 'Flux\\\\FluxServic...')
#20 C:\\Users\\rafae\\Documents\\entreGO-dev\\vendor\\laravel\\framework\\src\\Illuminate\\Foundation\\Application.php(1130): array_walk(Array, Object(Closure))
#21 C:\\Users\\rafae\\Documents\\entreGO-dev\\vendor\\laravel\\framework\\src\\Illuminate\\Foundation\\Bootstrap\\BootProviders.php(17): Illuminate\\Foundation\\Application->boot()
#22 C:\\Users\\rafae\\Documents\\entreGO-dev\\vendor\\laravel\\framework\\src\\Illuminate\\Foundation\\Application.php(341): Illuminate\\Foundation\\Bootstrap\\BootProviders->bootstrap(Object(Illuminate\\Foundation\\Application))
#23 C:\\Users\\rafae\\Documents\\entreGO-dev\\vendor\\laravel\\framework\\src\\Illuminate\\Foundation\\Console\\Kernel.php(473): Illuminate\\Foundation\\Application->bootstrapWith(Array)
#24 C:\\Users\\rafae\\Documents\\entreGO-dev\\vendor\\laravel\\framework\\src\\Illuminate\\Foundation\\Console\\Kernel.php(195): Illuminate\\Foundation\\Console\\Kernel->bootstrap()
#25 C:\\Users\\rafae\\Documents\\entreGO-dev\\vendor\\laravel\\framework\\src\\Illuminate\\Foundation\\Application.php(1234): Illuminate\\Foundation\\Console\\Kernel->handle(Object(Symfony\\Component\\Console\\Input\\ArgvInput), Object(Symfony\\Component\\Console\\Output\\ConsoleOutput))
#26 C:\\Users\\rafae\\Documents\\entreGO-dev\\artisan(16): Illuminate\\Foundation\\Application->handleCommand(Object(Symfony\\Component\\Console\\Input\\ArgvInput))
#27 {main}
"} 
[2025-06-06 22:02:45] local.ERROR: Please provide a valid cache path. {"exception":"[object] (InvalidArgumentException(code: 0): Please provide a valid cache path. at C:\\Users\\rafae\\Documents\\entreGO-dev\\vendor\\laravel\\framework\\src\\Illuminate\\View\\Compilers\\Compiler.php:75)
[stacktrace]
#0 C:\\Users\\rafae\\Documents\\entreGO-dev\\vendor\\laravel\\framework\\src\\Illuminate\\View\\ViewServiceProvider.php(97): Illuminate\\View\\Compilers\\Compiler->__construct(Object(Illuminate\\Filesystem\\Filesystem), false, '', true, 'php', true)
#1 C:\\Users\\rafae\\Documents\\entreGO-dev\\vendor\\laravel\\framework\\src\\Illuminate\\Container\\Container.php(1010): Illuminate\\View\\ViewServiceProvider->{closure:Illuminate\\View\\ViewServiceProvider::registerBladeCompiler():96}(Object(Illuminate\\Foundation\\Application), Array)
#2 C:\\Users\\rafae\\Documents\\entreGO-dev\\vendor\\laravel\\framework\\src\\Illuminate\\Container\\Container.php(890): Illuminate\\Container\\Container->build(Object(Closure))
#3 C:\\Users\\rafae\\Documents\\entreGO-dev\\vendor\\laravel\\framework\\src\\Illuminate\\Foundation\\Application.php(1077): Illuminate\\Container\\Container->resolve('blade.compiler', Array, true)
#4 C:\\Users\\rafae\\Documents\\entreGO-dev\\vendor\\laravel\\framework\\src\\Illuminate\\Container\\Container.php(821): Illuminate\\Foundation\\Application->resolve('blade.compiler', Array)
#5 C:\\Users\\rafae\\Documents\\entreGO-dev\\vendor\\laravel\\framework\\src\\Illuminate\\Foundation\\Application.php(1057): Illuminate\\Container\\Container->make('blade.compiler', Array)
#6 C:\\Users\\rafae\\Documents\\entreGO-dev\\vendor\\laravel\\framework\\src\\Illuminate\\Container\\Container.php(1653): Illuminate\\Foundation\\Application->make('blade.compiler')
#7 C:\\Users\\rafae\\Documents\\entreGO-dev\\vendor\\laravel\\framework\\src\\Illuminate\\Support\\Facades\\Facade.php(239): Illuminate\\Container\\Container->offsetGet('blade.compiler')
#8 C:\\Users\\rafae\\Documents\\entreGO-dev\\vendor\\laravel\\framework\\src\\Illuminate\\Support\\Facades\\Facade.php(210): Illuminate\\Support\\Facades\\Facade::resolveFacadeInstance('blade.compiler')
#9 C:\\Users\\rafae\\Documents\\entreGO-dev\\vendor\\laravel\\framework\\src\\Illuminate\\Support\\Facades\\Facade.php(355): Illuminate\\Support\\Facades\\Facade::getFacadeRoot()
#10 C:\\Users\\rafae\\Documents\\entreGO-dev\\vendor\\livewire\\flux\\src\\FluxServiceProvider.php(40): Illuminate\\Support\\Facades\\Facade::__callStatic('anonymousCompon...', Array)
#11 C:\\Users\\rafae\\Documents\\entreGO-dev\\vendor\\livewire\\flux\\src\\FluxServiceProvider.php(24): Flux\\FluxServiceProvider->bootComponentPath()
#12 C:\\Users\\rafae\\Documents\\entreGO-dev\\vendor\\laravel\\framework\\src\\Illuminate\\Container\\BoundMethod.php(36): Flux\\FluxServiceProvider->boot()
#13 C:\\Users\\rafae\\Documents\\entreGO-dev\\vendor\\laravel\\framework\\src\\Illuminate\\Container\\Util.php(43): Illuminate\\Container\\BoundMethod::{closure:Illuminate\\Container\\BoundMethod::call():35}()
#14 C:\\Users\\rafae\\Documents\\entreGO-dev\\vendor\\laravel\\framework\\src\\Illuminate\\Container\\BoundMethod.php(96): Illuminate\\Container\\Util::unwrapIfClosure(Object(Closure))
#15 C:\\Users\\rafae\\Documents\\entreGO-dev\\vendor\\laravel\\framework\\src\\Illuminate\\Container\\BoundMethod.php(35): Illuminate\\Container\\BoundMethod::callBoundMethod(Object(Illuminate\\Foundation\\Application), Array, Object(Closure))
#16 C:\\Users\\rafae\\Documents\\entreGO-dev\\vendor\\laravel\\framework\\src\\Illuminate\\Container\\Container.php(754): Illuminate\\Container\\BoundMethod::call(Object(Illuminate\\Foundation\\Application), Array, Array, NULL)
#17 C:\\Users\\rafae\\Documents\\entreGO-dev\\vendor\\laravel\\framework\\src\\Illuminate\\Foundation\\Application.php(1150): Illuminate\\Container\\Container->call(Array)
#18 C:\\Users\\rafae\\Documents\\entreGO-dev\\vendor\\laravel\\framework\\src\\Illuminate\\Foundation\\Application.php(1131): Illuminate\\Foundation\\Application->bootProvider(Object(Flux\\FluxServiceProvider))
#19 [internal function]: Illuminate\\Foundation\\Application->{closure:Illuminate\\Foundation\\Application::boot():1130}(Object(Flux\\FluxServiceProvider), 'Flux\\\\FluxServic...')
#20 C:\\Users\\rafae\\Documents\\entreGO-dev\\vendor\\laravel\\framework\\src\\Illuminate\\Foundation\\Application.php(1130): array_walk(Array, Object(Closure))
#21 C:\\Users\\rafae\\Documents\\entreGO-dev\\vendor\\laravel\\framework\\src\\Illuminate\\Foundation\\Bootstrap\\BootProviders.php(17): Illuminate\\Foundation\\Application->boot()
#22 C:\\Users\\rafae\\Documents\\entreGO-dev\\vendor\\laravel\\framework\\src\\Illuminate\\Foundation\\Application.php(341): Illuminate\\Foundation\\Bootstrap\\BootProviders->bootstrap(Object(Illuminate\\Foundation\\Application))
#23 C:\\Users\\rafae\\Documents\\entreGO-dev\\vendor\\laravel\\framework\\src\\Illuminate\\Foundation\\Console\\Kernel.php(473): Illuminate\\Foundation\\Application->bootstrapWith(Array)
#24 C:\\Users\\rafae\\Documents\\entreGO-dev\\vendor\\laravel\\framework\\src\\Illuminate\\Foundation\\Console\\Kernel.php(195): Illuminate\\Foundation\\Console\\Kernel->bootstrap()
#25 C:\\Users\\rafae\\Documents\\entreGO-dev\\vendor\\laravel\\framework\\src\\Illuminate\\Foundation\\Application.php(1234): Illuminate\\Foundation\\Console\\Kernel->handle(Object(Symfony\\Component\\Console\\Input\\ArgvInput), Object(Symfony\\Component\\Console\\Output\\ConsoleOutput))
#26 C:\\Users\\rafae\\Documents\\entreGO-dev\\artisan(16): Illuminate\\Foundation\\Application->handleCommand(Object(Symfony\\Component\\Console\\Input\\ArgvInput))
#27 {main}
"} 
[2025-06-06 22:02:50] local.ERROR: Please provide a valid cache path. {"exception":"[object] (InvalidArgumentException(code: 0): Please provide a valid cache path. at C:\\Users\\rafae\\Documents\\entreGO-dev\\vendor\\laravel\\framework\\src\\Illuminate\\View\\Compilers\\Compiler.php:75)
[stacktrace]
#0 C:\\Users\\rafae\\Documents\\entreGO-dev\\vendor\\laravel\\framework\\src\\Illuminate\\View\\ViewServiceProvider.php(97): Illuminate\\View\\Compilers\\Compiler->__construct(Object(Illuminate\\Filesystem\\Filesystem), false, '', true, 'php', true)
#1 C:\\Users\\rafae\\Documents\\entreGO-dev\\vendor\\laravel\\framework\\src\\Illuminate\\Container\\Container.php(1010): Illuminate\\View\\ViewServiceProvider->{closure:Illuminate\\View\\ViewServiceProvider::registerBladeCompiler():96}(Object(Illuminate\\Foundation\\Application), Array)
#2 C:\\Users\\rafae\\Documents\\entreGO-dev\\vendor\\laravel\\framework\\src\\Illuminate\\Container\\Container.php(890): Illuminate\\Container\\Container->build(Object(Closure))
#3 C:\\Users\\rafae\\Documents\\entreGO-dev\\vendor\\laravel\\framework\\src\\Illuminate\\Foundation\\Application.php(1077): Illuminate\\Container\\Container->resolve('blade.compiler', Array, true)
#4 C:\\Users\\rafae\\Documents\\entreGO-dev\\vendor\\laravel\\framework\\src\\Illuminate\\Container\\Container.php(821): Illuminate\\Foundation\\Application->resolve('blade.compiler', Array)
#5 C:\\Users\\rafae\\Documents\\entreGO-dev\\vendor\\laravel\\framework\\src\\Illuminate\\Foundation\\Application.php(1057): Illuminate\\Container\\Container->make('blade.compiler', Array)
#6 C:\\Users\\rafae\\Documents\\entreGO-dev\\vendor\\laravel\\framework\\src\\Illuminate\\Container\\Container.php(1653): Illuminate\\Foundation\\Application->make('blade.compiler')
#7 C:\\Users\\rafae\\Documents\\entreGO-dev\\vendor\\laravel\\framework\\src\\Illuminate\\Support\\Facades\\Facade.php(239): Illuminate\\Container\\Container->offsetGet('blade.compiler')
#8 C:\\Users\\rafae\\Documents\\entreGO-dev\\vendor\\laravel\\framework\\src\\Illuminate\\Support\\Facades\\Facade.php(210): Illuminate\\Support\\Facades\\Facade::resolveFacadeInstance('blade.compiler')
#9 C:\\Users\\rafae\\Documents\\entreGO-dev\\vendor\\laravel\\framework\\src\\Illuminate\\Support\\Facades\\Facade.php(355): Illuminate\\Support\\Facades\\Facade::getFacadeRoot()
#10 C:\\Users\\rafae\\Documents\\entreGO-dev\\vendor\\livewire\\flux\\src\\FluxServiceProvider.php(40): Illuminate\\Support\\Facades\\Facade::__callStatic('anonymousCompon...', Array)
#11 C:\\Users\\rafae\\Documents\\entreGO-dev\\vendor\\livewire\\flux\\src\\FluxServiceProvider.php(24): Flux\\FluxServiceProvider->bootComponentPath()
#12 C:\\Users\\rafae\\Documents\\entreGO-dev\\vendor\\laravel\\framework\\src\\Illuminate\\Container\\BoundMethod.php(36): Flux\\FluxServiceProvider->boot()
#13 C:\\Users\\rafae\\Documents\\entreGO-dev\\vendor\\laravel\\framework\\src\\Illuminate\\Container\\Util.php(43): Illuminate\\Container\\BoundMethod::{closure:Illuminate\\Container\\BoundMethod::call():35}()
#14 C:\\Users\\rafae\\Documents\\entreGO-dev\\vendor\\laravel\\framework\\src\\Illuminate\\Container\\BoundMethod.php(96): Illuminate\\Container\\Util::unwrapIfClosure(Object(Closure))
#15 C:\\Users\\rafae\\Documents\\entreGO-dev\\vendor\\laravel\\framework\\src\\Illuminate\\Container\\BoundMethod.php(35): Illuminate\\Container\\BoundMethod::callBoundMethod(Object(Illuminate\\Foundation\\Application), Array, Object(Closure))
#16 C:\\Users\\rafae\\Documents\\entreGO-dev\\vendor\\laravel\\framework\\src\\Illuminate\\Container\\Container.php(754): Illuminate\\Container\\BoundMethod::call(Object(Illuminate\\Foundation\\Application), Array, Array, NULL)
#17 C:\\Users\\rafae\\Documents\\entreGO-dev\\vendor\\laravel\\framework\\src\\Illuminate\\Foundation\\Application.php(1150): Illuminate\\Container\\Container->call(Array)
#18 C:\\Users\\rafae\\Documents\\entreGO-dev\\vendor\\laravel\\framework\\src\\Illuminate\\Foundation\\Application.php(1131): Illuminate\\Foundation\\Application->bootProvider(Object(Flux\\FluxServiceProvider))
#19 [internal function]: Illuminate\\Foundation\\Application->{closure:Illuminate\\Foundation\\Application::boot():1130}(Object(Flux\\FluxServiceProvider), 'Flux\\\\FluxServic...')
#20 C:\\Users\\rafae\\Documents\\entreGO-dev\\vendor\\laravel\\framework\\src\\Illuminate\\Foundation\\Application.php(1130): array_walk(Array, Object(Closure))
#21 C:\\Users\\rafae\\Documents\\entreGO-dev\\vendor\\laravel\\framework\\src\\Illuminate\\Foundation\\Bootstrap\\BootProviders.php(17): Illuminate\\Foundation\\Application->boot()
#22 C:\\Users\\rafae\\Documents\\entreGO-dev\\vendor\\laravel\\framework\\src\\Illuminate\\Foundation\\Application.php(341): Illuminate\\Foundation\\Bootstrap\\BootProviders->bootstrap(Object(Illuminate\\Foundation\\Application))
#23 C:\\Users\\rafae\\Documents\\entreGO-dev\\vendor\\laravel\\framework\\src\\Illuminate\\Foundation\\Console\\Kernel.php(473): Illuminate\\Foundation\\Application->bootstrapWith(Array)
#24 C:\\Users\\rafae\\Documents\\entreGO-dev\\vendor\\laravel\\framework\\src\\Illuminate\\Foundation\\Console\\Kernel.php(195): Illuminate\\Foundation\\Console\\Kernel->bootstrap()
#25 C:\\Users\\rafae\\Documents\\entreGO-dev\\vendor\\laravel\\framework\\src\\Illuminate\\Foundation\\Application.php(1234): Illuminate\\Foundation\\Console\\Kernel->handle(Object(Symfony\\Component\\Console\\Input\\ArgvInput), Object(Symfony\\Component\\Console\\Output\\ConsoleOutput))
#26 C:\\Users\\rafae\\Documents\\entreGO-dev\\artisan(16): Illuminate\\Foundation\\Application->handleCommand(Object(Symfony\\Component\\Console\\Input\\ArgvInput))
#27 {main}
"} 
[2025-06-06 22:04:38] local.ERROR: Cannot redeclare class App\Providers\AppServiceProvider\AppServiceProvider (previously declared in C:\Users\rafae\Documents\entreGO-dev\app\Providers\AppServiceProvider.php:9) {"exception":"[object] (Symfony\\Component\\ErrorHandler\\Error\\FatalError(code: 0): Cannot redeclare class App\\Providers\\AppServiceProvider\\AppServiceProvider (previously declared in C:\\Users\\rafae\\Documents\\entreGO-dev\\app\\Providers\\AppServiceProvider.php:9) at C:\\Users\\rafae\\Documents\\entreGO-dev\\app\\Providers\\AppServiceProvider.php:9)
[stacktrace]
#0 {main}
"} 
[2025-06-06 22:04:38] local.ERROR: Cannot redeclare class App\Providers\AppServiceProvider\AppServiceProvider (previously declared in C:\Users\rafae\Documents\entreGO-dev\app\Providers\AppServiceProvider.php:9) {"exception":"[object] (Symfony\\Component\\ErrorHandler\\Error\\FatalError(code: 0): Cannot redeclare class App\\Providers\\AppServiceProvider\\AppServiceProvider (previously declared in C:\\Users\\rafae\\Documents\\entreGO-dev\\app\\Providers\\AppServiceProvider.php:9) at C:\\Users\\rafae\\Documents\\entreGO-dev\\app\\Providers\\AppServiceProvider.php:9)
[stacktrace]
#0 {main}
"} 
[2025-06-06 22:05:02] local.ERROR: Cannot redeclare class App\Providers\AppServiceProvider\AppServiceProvider (previously declared in C:\Users\rafae\Documents\entreGO-dev\app\Providers\AppServiceProvider.php:9) {"exception":"[object] (Symfony\\Component\\ErrorHandler\\Error\\FatalError(code: 0): Cannot redeclare class App\\Providers\\AppServiceProvider\\AppServiceProvider (previously declared in C:\\Users\\rafae\\Documents\\entreGO-dev\\app\\Providers\\AppServiceProvider.php:9) at C:\\Users\\rafae\\Documents\\entreGO-dev\\app\\Providers\\AppServiceProvider.php:9)
[stacktrace]
#0 {main}
"} 
[2025-06-06 22:05:02] local.ERROR: Cannot redeclare class App\Providers\AppServiceProvider\AppServiceProvider (previously declared in C:\Users\rafae\Documents\entreGO-dev\app\Providers\AppServiceProvider.php:9) {"exception":"[object] (Symfony\\Component\\ErrorHandler\\Error\\FatalError(code: 0): Cannot redeclare class App\\Providers\\AppServiceProvider\\AppServiceProvider (previously declared in C:\\Users\\rafae\\Documents\\entreGO-dev\\app\\Providers\\AppServiceProvider.php:9) at C:\\Users\\rafae\\Documents\\entreGO-dev\\app\\Providers\\AppServiceProvider.php:9)
[stacktrace]
#0 {main}
"} 
